<?xml version="1.0" encoding="UTF-8"?>
<testng-results ignored="3" total="4" passed="0" failed="0" skipped="1">
  <reporter-output>
  </reporter-output>
  <suite started-at="2024-08-10T14:06:21 IST" name="Default suite" finished-at="2024-08-10T14:06:21 IST" duration-ms="188">
    <groups>
      <group name="smokeTest">
        <method signature="CreatecontactTest.CreatecontactPageWithpomTest()[pri:0, instance:com.comcast.crm.contact.anotation.CreatecontactTest@2eae8e6e]" name="CreatecontactPageWithpomTest" class="com.comcast.crm.contact.anotation.CreatecontactTest"/>
      </group> <!-- smokeTest -->
    </groups>
    <test started-at="2024-08-10T14:06:21 IST" name="Default test" finished-at="2024-08-10T14:06:21 IST" duration-ms="188">
      <class name="com.comcast.crm.contact.anotation.CreatecontactTest">
        <test-method is-config="true" signature="configbs()[pri:0, instance:com.comcast.crm.contact.anotation.CreatecontactTest@2eae8e6e]" started-at="2024-08-10T14:04:41 IST" name="configbs" finished-at="2024-08-10T14:06:21 IST" duration-ms="100552" status="PASS">
          <reporter-output>
          </reporter-output>
        </test-method> <!-- configbs -->
        <test-method is-config="true" signature="configBC(java.lang.String)[pri:0, instance:com.comcast.crm.contact.anotation.CreatecontactTest@2eae8e6e]" started-at="2024-08-10T14:06:21 IST" name="configBC" finished-at="1970-01-01T05:30:00 IST" duration-ms="-1723278981852" status="FAIL">
          <exception class="org.testng.TestNGException">
            <message>
              <![CDATA[
Parameter 'BROWSER' is required by BeforeClass on method configBC but has not been marked @Optional or defined
in C:\Users\ATUL SHARMA\AppData\Local\Temp\testng-eclipse-512137246\testng-customsuite.xml]]>
            </message>
            <full-stacktrace>
              <![CDATA[org.testng.TestNGException: 
Parameter 'BROWSER' is required by BeforeClass on method configBC but has not been marked @Optional or defined
in C:\Users\ATUL SHARMA\AppData\Local\Temp\testng-eclipse-512137246\testng-customsuite.xml
at org.testng.internal.Parameters.createParams(Parameters.java:270)
at org.testng.internal.Parameters.createParametersForMethod(Parameters.java:358)
at org.testng.internal.Parameters.createParameters(Parameters.java:700)
at org.testng.internal.Parameters.createConfigurationParameters(Parameters.java:168)
at org.testng.internal.ConfigInvoker.invokeConfigurations(ConfigInvoker.java:302)
at org.testng.internal.TestMethodWorker.invokeBeforeClassMethods(TestMethodWorker.java:176)
at org.testng.internal.TestMethodWorker.run(TestMethodWorker.java:122)
at java.base/java.util.ArrayList.forEach(ArrayList.java:1596)
at org.testng.TestRunner.privateRun(TestRunner.java:794)
at org.testng.TestRunner.run(TestRunner.java:596)
at org.testng.SuiteRunner.runTest(SuiteRunner.java:377)
at org.testng.SuiteRunner.runSequentially(SuiteRunner.java:371)
at org.testng.SuiteRunner.privateRun(SuiteRunner.java:332)
at org.testng.SuiteRunner.run(SuiteRunner.java:276)
at org.testng.SuiteRunnerWorker.runSuite(SuiteRunnerWorker.java:53)
at org.testng.SuiteRunnerWorker.run(SuiteRunnerWorker.java:96)
at org.testng.TestNG.runSuitesSequentially(TestNG.java:1212)
at org.testng.TestNG.runSuitesLocally(TestNG.java:1134)
at org.testng.TestNG.runSuites(TestNG.java:1063)
at org.testng.TestNG.run(TestNG.java:1031)
at org.testng.remote.AbstractRemoteTestNG.run(AbstractRemoteTestNG.java:115)
at org.testng.remote.RemoteTestNG.initAndRun(RemoteTestNG.java:293)
at org.testng.remote.RemoteTestNG.main(RemoteTestNG.java:91)
]]>
            </full-stacktrace>
          </exception> <!-- org.testng.TestNGException -->
          <reporter-output>
          </reporter-output>
        </test-method> <!-- configBC -->
        <test-method is-config="true" signature="configBM()[pri:0, instance:com.comcast.crm.contact.anotation.CreatecontactTest@2eae8e6e]" started-at="2024-08-10T14:06:21 IST" name="configBM" finished-at="1970-01-01T05:30:00 IST" duration-ms="-1723278981917" status="SKIP">
          <reporter-output>
          </reporter-output>
        </test-method> <!-- configBM -->
        <test-method signature="CreatecontactPageWithpomTest()[pri:0, instance:com.comcast.crm.contact.anotation.CreatecontactTest@2eae8e6e]" started-at="2024-08-10T14:06:21 IST" name="CreatecontactPageWithpomTest" finished-at="2024-08-10T14:06:21 IST" duration-ms="0" status="SKIP">
          <exception class="org.testng.TestNGException">
            <message>
              <![CDATA[
Parameter 'BROWSER' is required by BeforeClass on method configBC but has not been marked @Optional or defined
in C:\Users\ATUL SHARMA\AppData\Local\Temp\testng-eclipse-512137246\testng-customsuite.xml]]>
            </message>
            <full-stacktrace>
              <![CDATA[org.testng.TestNGException: 
Parameter 'BROWSER' is required by BeforeClass on method configBC but has not been marked @Optional or defined
in C:\Users\ATUL SHARMA\AppData\Local\Temp\testng-eclipse-512137246\testng-customsuite.xml
at org.testng.internal.Parameters.createParams(Parameters.java:270)
at org.testng.internal.Parameters.createParametersForMethod(Parameters.java:358)
at org.testng.internal.Parameters.createParameters(Parameters.java:700)
at org.testng.internal.Parameters.createConfigurationParameters(Parameters.java:168)
at org.testng.internal.ConfigInvoker.invokeConfigurations(ConfigInvoker.java:302)
at org.testng.internal.TestMethodWorker.invokeBeforeClassMethods(TestMethodWorker.java:176)
at org.testng.internal.TestMethodWorker.run(TestMethodWorker.java:122)
at java.base/java.util.ArrayList.forEach(ArrayList.java:1596)
at org.testng.TestRunner.privateRun(TestRunner.java:794)
at org.testng.TestRunner.run(TestRunner.java:596)
at org.testng.SuiteRunner.runTest(SuiteRunner.java:377)
at org.testng.SuiteRunner.runSequentially(SuiteRunner.java:371)
at org.testng.SuiteRunner.privateRun(SuiteRunner.java:332)
at org.testng.SuiteRunner.run(SuiteRunner.java:276)
at org.testng.SuiteRunnerWorker.runSuite(SuiteRunnerWorker.java:53)
at org.testng.SuiteRunnerWorker.run(SuiteRunnerWorker.java:96)
at org.testng.TestNG.runSuitesSequentially(TestNG.java:1212)
at org.testng.TestNG.runSuitesLocally(TestNG.java:1134)
at org.testng.TestNG.runSuites(TestNG.java:1063)
at org.testng.TestNG.run(TestNG.java:1031)
at org.testng.remote.AbstractRemoteTestNG.run(AbstractRemoteTestNG.java:115)
at org.testng.remote.RemoteTestNG.initAndRun(RemoteTestNG.java:293)
at org.testng.remote.RemoteTestNG.main(RemoteTestNG.java:91)
]]>
            </full-stacktrace>
          </exception> <!-- org.testng.TestNGException -->
          <reporter-output>
          </reporter-output>
        </test-method> <!-- CreatecontactPageWithpomTest -->
        <test-method is-config="true" signature="configAM()[pri:0, instance:com.comcast.crm.contact.anotation.CreatecontactTest@2eae8e6e]" started-at="2024-08-10T14:06:21 IST" name="configAM" finished-at="1970-01-01T05:30:00 IST" duration-ms="-1723278981976" status="SKIP">
          <reporter-output>
          </reporter-output>
        </test-method> <!-- configAM -->
        <test-method is-config="true" signature="configAC()[pri:0, instance:com.comcast.crm.contact.anotation.CreatecontactTest@2eae8e6e]" started-at="2024-08-10T14:06:21 IST" name="configAC" finished-at="1970-01-01T05:30:00 IST" duration-ms="-1723278981981" status="SKIP">
          <reporter-output>
          </reporter-output>
        </test-method> <!-- configAC -->
        <test-method is-config="true" signature="configAS()[pri:0, instance:com.comcast.crm.contact.anotation.CreatecontactTest@2eae8e6e]" started-at="2024-08-10T14:06:22 IST" name="configAS" finished-at="2024-08-10T14:08:54 IST" duration-ms="151761" status="PASS">
          <reporter-output>
          </reporter-output>
        </test-method> <!-- configAS -->
      </class> <!-- com.comcast.crm.contact.anotation.CreatecontactTest -->
    </test> <!-- Default test -->
  </suite> <!-- Default suite -->
</testng-results>
