<?xml version="1.0" encoding="UTF-8"?>
<!-- Generated by org.testng.reporters.JUnitXMLReporter -->
<testsuite ignored="0" hostname="DESKTOP-HMLGV3R" failures="1" tests="1" name="Test" time="22.276" errors="0" timestamp="2024-08-05T15:04:41 IST">
  <testcase classname="com.comcast.crm.contacttest.CreateContacttestwithpom" name="CreatecontactPageWithpomTest" time="12.664">
    <failure type="java.lang.AssertionError" message="The following asserts failed:
	expected [bnn] but found [Atul_167]">
      <![CDATA[java.lang.AssertionError: The following asserts failed:
expected [bnn] but found [Atul_167]
at com.comcast.crm.contacttest.CreateContacttestwithpom.CreatecontactPageWithpomTest(CreateContacttestwithpom.java:38)
at java.base/java.util.ArrayList.forEach(ArrayList.java:1596)
... Removed 27 stack frames]]>
    </failure>
  </testcase> <!-- CreatecontactPageWithpomTest -->
</testsuite> <!-- Test -->
